<?xml version="1.0" encoding="UTF-8"?>
<testng-results ignored="0" total="2" passed="2" failed="0" skipped="0">
  <reporter-output>
  </reporter-output>
  <suite started-at="2023-04-08T19:09:16 EEST" name="org.brit.tests.LoginTests" finished-at="2023-04-08T19:09:35 EEST" duration-ms="18748">
    <groups>
    </groups>
    <test started-at="2023-04-08T19:09:16 EEST" name="Command line test" finished-at="2023-04-08T19:09:35 EEST" duration-ms="18748">
      <class name="org.brit.tests.LoginTests">
        <test-method is-config="true" signature="beforeClass()[pri:0, instance:org.brit.tests.LoginTests@27c6e487]" started-at="2023-04-08T19:09:16 EEST" name="beforeClass" finished-at="2023-04-08T19:09:23 EEST" duration-ms="7043" status="PASS">
          <reporter-output>
          </reporter-output>
        </test-method> <!-- beforeClass -->
        <test-method is-config="true" signature="beforeMethod()[pri:0, instance:org.brit.tests.LoginTests@27c6e487]" started-at="2023-04-08T19:09:23 EEST" name="beforeMethod" finished-at="2023-04-08T19:09:32 EEST" duration-ms="9150" status="PASS">
          <reporter-output>
          </reporter-output>
        </test-method> <!-- beforeMethod -->
        <test-method signature="loginWithCSS()[pri:0, instance:org.brit.tests.LoginTests@27c6e487]" started-at="2023-04-08T19:09:32 EEST" name="loginWithCSS" finished-at="2023-04-08T19:09:33 EEST" duration-ms="651" status="PASS">
          <reporter-output>
          </reporter-output>
        </test-method> <!-- loginWithCSS -->
        <test-method is-config="true" signature="afterMethod()[pri:0, instance:org.brit.tests.LoginTests@27c6e487]" started-at="2023-04-08T19:09:33 EEST" name="afterMethod" finished-at="2023-04-08T19:09:33 EEST" duration-ms="15" status="PASS">
          <reporter-output>
          </reporter-output>
        </test-method> <!-- afterMethod -->
        <test-method is-config="true" signature="beforeMethod()[pri:0, instance:org.brit.tests.LoginTests@27c6e487]" started-at="2023-04-08T19:09:33 EEST" name="beforeMethod" finished-at="2023-04-08T19:09:33 EEST" duration-ms="193" status="PASS">
          <reporter-output>
          </reporter-output>
        </test-method> <!-- beforeMethod -->
        <test-method signature="loginWithXpath()[pri:0, instance:org.brit.tests.LoginTests@27c6e487]" started-at="2023-04-08T19:09:33 EEST" name="loginWithXpath" finished-at="2023-04-08T19:09:34 EEST" duration-ms="546" status="PASS">
          <reporter-output>
          </reporter-output>
        </test-method> <!-- loginWithXpath -->
        <test-method is-config="true" signature="afterMethod()[pri:0, instance:org.brit.tests.LoginTests@27c6e487]" started-at="2023-04-08T19:09:34 EEST" name="afterMethod" finished-at="2023-04-08T19:09:34 EEST" duration-ms="4" status="PASS">
          <reporter-output>
          </reporter-output>
        </test-method> <!-- afterMethod -->
        <test-method is-config="true" signature="afterClass()[pri:0, instance:org.brit.tests.LoginTests@27c6e487]" started-at="2023-04-08T19:09:34 EEST" name="afterClass" finished-at="2023-04-08T19:09:35 EEST" duration-ms="1080" status="PASS">
          <reporter-output>
          </reporter-output>
        </test-method> <!-- afterClass -->
      </class> <!-- org.brit.tests.LoginTests -->
    </test> <!-- Command line test -->
  </suite> <!-- org.brit.tests.LoginTests -->
</testng-results>
